2023-09-25 18:38:17,596 [INFO] Activator:176 - 


2023-09-25 18:38:17,633 [INFO] Activator:177 - !SESSION log4j initialized
2023-09-25 18:38:38,725 [INFO] LogOutputStream:77 - [STDOUT_REDIRECT] 
2023-09-25 18:38:46,618 [INFO] ApplicationProperties:184 - Using Application install path: C:\ST\STM32CubeIDE_1.13.1\STM32CubeIDE\plugins\com.st.stm32cube.common.mx_6.9.1.202307191849
2023-09-25 18:38:46,695 [INFO] DbMcusXml:78 - Set database path to: C:\ST\STM32CubeIDE_1.13.1\STM32CubeIDE\plugins\com.st.stm32cube.common.mx_6.9.1.202307191849\\db\/mcu/
2023-09-25 18:38:46,695 [INFO] ApiDb:274 - Set plugin database path to: C:\ST\STM32CubeIDE_1.13.1\STM32CubeIDE\plugins\com.st.stm32cube.common.mx_6.9.1.202307191849\\db\/plugins/boardmanager/
2023-09-25 18:38:46,696 [WARN] ApiDb:259 - Overriding images path with different value:  => C:\ST\STM32CubeIDE_1.13.1\STM32CubeIDE\plugins\com.st.stm32cube.common.mx_6.9.1.202307191849\\db\/plugins/mcufinder/images/
2023-09-25 18:38:46,878 [INFO] ApiDb:250 - Set database path to: C:\Users\Nicolas\.stmcufinder\plugins\mcufinder//mcu/
2023-09-25 18:38:46,880 [INFO] DbMcusAds:125 - Set database path to: C:\Users\Nicolas\.stmcufinder\plugins\mcufinder//mcu/
2023-09-25 18:38:46,885 [INFO] CrossReferenceDbSqlite:203 - Set database path to: C:\Users\Nicolas\.stmcufinder\plugins\mcufinder//mcu/cs/
2023-09-25 18:38:47,420 [INFO] RulesReader:64 - Compatibility file has been processed (293 Rules)
2023-09-25 18:38:48,010 [INFO] DbMcusXml:78 - Set database path to: C:\ST\STM32CubeIDE_1.13.1\STM32CubeIDE\plugins\com.st.stm32cube.common.mx_6.9.1.202307191849\\db\/mcu/
2023-09-25 18:38:48,010 [INFO] ApiDb:274 - Set plugin database path to: C:\ST\STM32CubeIDE_1.13.1\STM32CubeIDE\plugins\com.st.stm32cube.common.mx_6.9.1.202307191849\\db\/plugins/boardmanager/
2023-09-25 18:38:48,010 [INFO] ApiDb:261 - Set plugin images path to: C:\ST\STM32CubeIDE_1.13.1\STM32CubeIDE\plugins\com.st.stm32cube.common.mx_6.9.1.202307191849\\db\/plugins/mcufinder/images/
2023-09-25 18:38:48,011 [WARN] DbFile:41 - Overriding database path with different value: C:\Users\Nicolas\.stmcufinder\plugins\mcufinder/ => C:\Users\Nicolas\.stmcufinder\plugins\mcufinder
2023-09-25 18:38:48,011 [INFO] ApiDb:250 - Set database path to: C:\Users\Nicolas\.stmcufinder\plugins\mcufinder//mcu/
2023-09-25 18:38:48,011 [WARN] DbFile:41 - Overriding database path with different value: C:\Users\Nicolas\.stmcufinder\plugins\mcufinder/ => C:\Users\Nicolas\.stmcufinder\plugins\mcufinder
2023-09-25 18:38:48,011 [INFO] DbMcusAds:125 - Set database path to: C:\Users\Nicolas\.stmcufinder\plugins\mcufinder//mcu/
2023-09-25 18:38:48,011 [WARN] DbFile:41 - Overriding database path with different value: C:\Users\Nicolas\.stmcufinder\plugins\mcufinder/ => C:\Users\Nicolas\.stmcufinder\plugins\mcufinder
2023-09-25 18:38:48,011 [WARN] DbFile:41 - Overriding database path with different value: C:\Users\Nicolas\.stmcufinder\plugins\mcufinder/ => C:\Users\Nicolas\.stmcufinder\plugins\mcufinder
2023-09-25 18:38:48,012 [INFO] CrossReferenceDbSqlite:203 - Set database path to: C:\Users\Nicolas\.stmcufinder\plugins\mcufinder//mcu/cs/
2023-09-25 18:38:48,802 [INFO] MainPanel:262 - HeapMemory: 268435456
2023-09-25 18:38:49,663 [INFO] DbMcusXml:78 - Set database path to: C:\ST\STM32CubeIDE_1.13.1\STM32CubeIDE\plugins\com.st.stm32cube.common.mx_6.9.1.202307191849\\db\/mcu/
2023-09-25 18:38:49,663 [INFO] ApiDb:274 - Set plugin database path to: C:\ST\STM32CubeIDE_1.13.1\STM32CubeIDE\plugins\com.st.stm32cube.common.mx_6.9.1.202307191849\\db\/plugins/boardmanager/
2023-09-25 18:38:49,663 [INFO] ApiDb:261 - Set plugin images path to: C:\ST\STM32CubeIDE_1.13.1\STM32CubeIDE\plugins\com.st.stm32cube.common.mx_6.9.1.202307191849\\db\/plugins/mcufinder/images/
2023-09-25 18:38:49,677 [WARN] DbFile:41 - Overriding database path with different value: C:\Users\Nicolas\.stmcufinder\plugins\mcufinder/ => C:\Users\Nicolas\.stmcufinder\plugins\mcufinder
2023-09-25 18:38:49,677 [INFO] ApiDb:250 - Set database path to: C:\Users\Nicolas\.stmcufinder\plugins\mcufinder//mcu/
2023-09-25 18:38:49,678 [WARN] DbFile:41 - Overriding database path with different value: C:\Users\Nicolas\.stmcufinder\plugins\mcufinder/ => C:\Users\Nicolas\.stmcufinder\plugins\mcufinder
2023-09-25 18:38:49,678 [INFO] DbMcusAds:125 - Set database path to: C:\Users\Nicolas\.stmcufinder\plugins\mcufinder//mcu/
2023-09-25 18:38:49,678 [WARN] DbFile:41 - Overriding database path with different value: C:\Users\Nicolas\.stmcufinder\plugins\mcufinder/ => C:\Users\Nicolas\.stmcufinder\plugins\mcufinder
2023-09-25 18:38:49,678 [WARN] DbFile:41 - Overriding database path with different value: C:\Users\Nicolas\.stmcufinder\plugins\mcufinder/ => C:\Users\Nicolas\.stmcufinder\plugins\mcufinder
2023-09-25 18:38:49,768 [INFO] CrossReferenceDbSqlite:203 - Set database path to: C:\Users\Nicolas\.stmcufinder\plugins\mcufinder//mcu/cs/
2023-09-25 18:38:50,009 [INFO] ApplicationProperties:184 - Using Application install path: C:\ST\STM32CubeIDE_1.13.1\STM32CubeIDE\plugins\com.st.stm32cube.common.mx_6.9.1.202307191849
2023-09-25 18:38:50,010 [INFO] PluginManage:196 - Search for loadable plugins [exclusion list=, ]
2023-09-25 18:38:50,040 [INFO] PluginManage:310 - Check plugin analytics
2023-09-25 18:38:50,495 [INFO] AnalyticsPlugin:253 - Accepted Software Licenses: 
2023-09-25 18:38:50,495 [INFO] AnalyticsPlugin:255 - Accepted CMSIS Pack Licenses: 
2023-09-25 18:38:50,495 [INFO] AnalyticsPlugin:257 - Accepted Firmware Licenses: 
2023-09-25 18:38:50,499 [INFO] PluginManage:359 - Loaded plugin analytics (category:tool,tabindex:-1)
2023-09-25 18:38:50,499 [INFO] PluginManage:310 - Check plugin cadmodel
2023-09-25 18:38:50,679 [INFO] CADModel:105 - Init CAD model plugin
2023-09-25 18:38:50,679 [INFO] PluginManage:359 - Loaded plugin cadmodel (category:power,tabindex:5)
2023-09-25 18:38:50,680 [INFO] PluginManage:310 - Check plugin clock
2023-09-25 18:38:50,749 [INFO] PluginManage:359 - Loaded plugin clock (category:base,tabindex:2)
2023-09-25 18:38:50,750 [INFO] PluginManage:310 - Check plugin ddr
2023-09-25 18:38:50,776 [INFO] PluginManage:359 - Loaded plugin ddr (category:tool,tabindex:6)
2023-09-25 18:38:50,776 [INFO] PluginManage:310 - Check plugin filemanager
2023-09-25 18:38:51,308 [INFO] PluginManage:359 - Loaded plugin filemanager (category:base,tabindex:10)
2023-09-25 18:38:51,309 [INFO] PluginManage:310 - Check plugin ipmanager
2023-09-25 18:38:51,356 [INFO] PluginManage:359 - Loaded plugin ipmanager (category:base,tabindex:5)
2023-09-25 18:38:51,356 [INFO] PluginManage:310 - Check plugin lpbam
2023-09-25 18:38:51,418 [INFO] PluginManage:359 - Loaded plugin lpbam (category:base,tabindex:0)
2023-09-25 18:38:51,418 [INFO] PluginManage:310 - Check plugin memorymap
2023-09-25 18:38:51,560 [INFO] PluginManage:359 - Loaded plugin memorymap (category:base,tabindex:4)
2023-09-25 18:38:51,561 [INFO] PluginManage:310 - Check plugin pinoutandconfiguration
2023-09-25 18:38:51,614 [INFO] PluginManage:359 - Loaded plugin pinoutandconfiguration (category:base,tabindex:1)
2023-09-25 18:38:51,614 [INFO] PluginManage:310 - Check plugin pinoutconfig
2023-09-25 18:38:51,901 [WARN] SupportedApi:132 - Cannot load RTOS API schema: s4s-elt-must-match.1: The content of 'definitions' must match (annotation?, (simpleType | complexType)?, (unique | key | keyref)*)). A problem was found starting at: attribute.
2023-09-25 18:38:52,276 [INFO] PluginManage:359 - Loaded plugin pinoutconfig (category:base,tabindex:0)
2023-09-25 18:38:52,276 [INFO] PluginManage:310 - Check plugin power
2023-09-25 18:38:52,376 [INFO] PluginManage:359 - Loaded plugin power (category:power,tabindex:4)
2023-09-25 18:38:52,377 [INFO] PluginManage:310 - Check plugin projectmanager
2023-09-25 18:38:52,433 [INFO] PluginManage:359 - Loaded plugin projectmanager (category:projectmanager,tabindex:3)
2023-09-25 18:38:52,433 [INFO] PluginManage:310 - Check plugin thirdparty
2023-09-25 18:38:53,251 [WARN] IntegrityCheckThread:84 - waiting for thirdparty lock release [integrity check]
2023-09-25 18:38:53,251 [INFO] PluginManage:359 - Loaded plugin thirdparty (category:base,tabindex:-1)
2023-09-25 18:38:53,252 [INFO] IntegrityCheckThread:86 - entering critical section [integrity check]
2023-09-25 18:38:53,252 [INFO] PluginManage:310 - Check plugin tools
2023-09-25 18:38:53,255 [INFO] ThirdPartyUpdaterWithRetryManager:70 - Updater plugin not ready yet. [1/15]
2023-09-25 18:38:53,324 [INFO] PluginManage:359 - Loaded plugin tools (category:base,tabindex:7)
2023-09-25 18:38:53,324 [INFO] PluginManage:310 - Check plugin tutovideos
2023-09-25 18:38:54,049 [INFO] PluginManage:359 - Loaded plugin tutovideos (category:base,tabindex:-1)
2023-09-25 18:38:54,050 [INFO] PluginManage:310 - Check plugin updater
2023-09-25 18:38:54,121 [INFO] PluginManage:359 - Loaded plugin updater (category:base,tabindex:12)
2023-09-25 18:38:54,122 [INFO] PluginManage:310 - Check plugin userauth
2023-09-25 18:38:54,153 [INFO] UserAuth:113 - Init User Auth plugin
2023-09-25 18:38:54,153 [INFO] PluginManage:359 - Loaded plugin userauth (category:base,tabindex:14)
2023-09-25 18:38:54,154 [INFO] PluginManage:283 - PluginManage : Loaded plugins [17]
2023-09-25 18:38:55,447 [INFO] PinOutPanel:1499 - setPackage(No Configuration,No Configuration)
2023-09-25 18:38:55,904 [INFO] CADModel:165 - CPN selected for project level
2023-09-25 18:38:55,904 [INFO] CADModel:114 - Register for checkConnection events
2023-09-25 18:38:56,078 [INFO] IPUIPlugin:80 - create IPUIPlugin
2023-09-25 18:38:56,079 [INFO] PluginManager:220 - loadIPPluginJar : add adc
2023-09-25 18:38:56,128 [INFO] IPUIPlugin:80 - create IPUIPlugin
2023-09-25 18:38:56,128 [INFO] PluginManager:220 - loadIPPluginJar : add aes
2023-09-25 18:38:56,182 [INFO] IPUIPlugin:80 - create IPUIPlugin
2023-09-25 18:38:56,183 [INFO] PluginManager:220 - loadIPPluginJar : add can
2023-09-25 18:38:56,218 [INFO] IPUIPlugin:80 - create IPUIPlugin
2023-09-25 18:38:56,219 [INFO] PluginManager:220 - loadIPPluginJar : add comp
2023-09-25 18:38:56,258 [INFO] ThirdPartyUpdaterWithRetryManager:70 - Updater plugin not ready yet. [2/15]
2023-09-25 18:38:56,286 [INFO] IPUIPlugin:80 - create IPUIPlugin
2023-09-25 18:38:56,286 [INFO] PluginManager:220 - loadIPPluginJar : add cryp
2023-09-25 18:38:56,332 [INFO] IPUIPlugin:80 - create IPUIPlugin
2023-09-25 18:38:56,332 [INFO] PluginManager:220 - loadIPPluginJar : add dfsdm
2023-09-25 18:38:56,366 [INFO] IPUIPlugin:80 - create IPUIPlugin
2023-09-25 18:38:56,375 [INFO] PluginManager:220 - loadIPPluginJar : add dma
2023-09-25 18:38:56,426 [INFO] IPUIPlugin:80 - create IPUIPlugin
2023-09-25 18:38:56,426 [INFO] PluginManager:220 - loadIPPluginJar : add dma3
2023-09-25 18:38:56,470 [INFO] IPUIPlugin:80 - create IPUIPlugin
2023-09-25 18:38:56,470 [INFO] PluginManager:220 - loadIPPluginJar : add fatfs
2023-09-25 18:38:56,529 [INFO] IPUIPlugin:80 - create IPUIPlugin
2023-09-25 18:38:56,529 [INFO] PluginManager:220 - loadIPPluginJar : add fmc
2023-09-25 18:38:56,592 [INFO] IPUIPlugin:80 - create IPUIPlugin
2023-09-25 18:38:56,592 [INFO] PluginManager:220 - loadIPPluginJar : add freertos
2023-09-25 18:38:56,627 [INFO] IPUIPlugin:80 - create IPUIPlugin
2023-09-25 18:38:56,627 [INFO] PluginManager:220 - loadIPPluginJar : add genericplugin
2023-09-25 18:38:56,745 [INFO] IPUIPlugin:80 - create IPUIPlugin
2023-09-25 18:38:56,745 [INFO] PluginManager:220 - loadIPPluginJar : add gfxmmu
2023-09-25 18:38:56,891 [INFO] IPUIPlugin:80 - create IPUIPlugin
2023-09-25 18:38:56,891 [INFO] PluginManager:220 - loadIPPluginJar : add gic
2023-09-25 18:38:56,942 [INFO] IPUIPlugin:80 - create IPUIPlugin
2023-09-25 18:38:56,942 [INFO] PluginManager:220 - loadIPPluginJar : add gpio
2023-09-25 18:38:57,074 [INFO] IPUIPlugin:80 - create IPUIPlugin
2023-09-25 18:38:57,074 [INFO] PluginManager:220 - loadIPPluginJar : add gtzc
2023-09-25 18:38:57,139 [INFO] IPUIPlugin:80 - create IPUIPlugin
2023-09-25 18:38:57,139 [INFO] PluginManager:220 - loadIPPluginJar : add hash
2023-09-25 18:38:57,215 [INFO] IPUIPlugin:80 - create IPUIPlugin
2023-09-25 18:38:57,215 [INFO] PluginManager:220 - loadIPPluginJar : add i2c
2023-09-25 18:38:57,280 [INFO] IPUIPlugin:80 - create IPUIPlugin
2023-09-25 18:38:57,280 [INFO] PluginManager:220 - loadIPPluginJar : add i2s
2023-09-25 18:38:57,363 [INFO] IPUIPlugin:80 - create IPUIPlugin
2023-09-25 18:38:57,364 [INFO] PluginManager:220 - loadIPPluginJar : add i3c
2023-09-25 18:38:57,521 [INFO] IPUIPlugin:80 - create IPUIPlugin
2023-09-25 18:38:57,521 [INFO] PluginManager:220 - loadIPPluginJar : add ipddr
2023-09-25 18:38:57,665 [INFO] IPUIPlugin:80 - create IPUIPlugin
2023-09-25 18:38:57,665 [INFO] PluginManager:220 - loadIPPluginJar : add linkedlist
2023-09-25 18:38:57,706 [INFO] IPUIPlugin:80 - create IPUIPlugin
2023-09-25 18:38:57,707 [INFO] PluginManager:220 - loadIPPluginJar : add lorawan
2023-09-25 18:38:57,754 [INFO] IPUIPlugin:80 - create IPUIPlugin
2023-09-25 18:38:57,754 [INFO] PluginManager:220 - loadIPPluginJar : add ltdc
2023-09-25 18:38:57,813 [INFO] IPUIPlugin:80 - create IPUIPlugin
2023-09-25 18:38:57,813 [INFO] PluginManager:220 - loadIPPluginJar : add mdma
2023-09-25 18:38:57,859 [INFO] IPUIPlugin:80 - create IPUIPlugin
2023-09-25 18:38:57,859 [INFO] PluginManager:220 - loadIPPluginJar : add nvic
2023-09-25 18:38:57,909 [INFO] IPUIPlugin:80 - create IPUIPlugin
2023-09-25 18:38:57,909 [INFO] PluginManager:220 - loadIPPluginJar : add opamp
2023-09-25 18:38:57,992 [INFO] IPUIPlugin:80 - create IPUIPlugin
2023-09-25 18:38:57,993 [INFO] PluginManager:220 - loadIPPluginJar : add openamp
2023-09-25 18:38:58,076 [INFO] IPUIPlugin:80 - create IPUIPlugin
2023-09-25 18:38:58,076 [INFO] PluginManager:220 - loadIPPluginJar : add pdm2pcm
2023-09-25 18:38:58,120 [INFO] IPUIPlugin:80 - create IPUIPlugin
2023-09-25 18:38:58,123 [INFO] PluginManager:220 - loadIPPluginJar : add plateformsettings
2023-09-25 18:38:58,159 [INFO] IPUIPlugin:80 - create IPUIPlugin
2023-09-25 18:38:58,159 [INFO] PluginManager:220 - loadIPPluginJar : add quadspi
2023-09-25 18:38:58,206 [INFO] IPUIPlugin:80 - create IPUIPlugin
2023-09-25 18:38:58,206 [INFO] PluginManager:220 - loadIPPluginJar : add resmgrutility
2023-09-25 18:38:58,280 [INFO] IPUIPlugin:80 - create IPUIPlugin
2023-09-25 18:38:58,280 [INFO] PluginManager:220 - loadIPPluginJar : add sai
2023-09-25 18:38:58,338 [INFO] IPUIPlugin:80 - create IPUIPlugin
2023-09-25 18:38:58,339 [INFO] PluginManager:220 - loadIPPluginJar : add spi
2023-09-25 18:38:58,423 [INFO] IPUIPlugin:80 - create IPUIPlugin
2023-09-25 18:38:58,423 [INFO] PluginManager:220 - loadIPPluginJar : add stm32_wpan
2023-09-25 18:38:58,470 [INFO] IPUIPlugin:80 - create IPUIPlugin
2023-09-25 18:38:58,470 [INFO] PluginManager:220 - loadIPPluginJar : add tim
2023-09-25 18:38:58,559 [INFO] IPUIPlugin:80 - create IPUIPlugin
2023-09-25 18:38:58,559 [INFO] PluginManager:220 - loadIPPluginJar : add touchsensing
2023-09-25 18:38:58,597 [INFO] IPUIPlugin:80 - create IPUIPlugin
2023-09-25 18:38:58,597 [INFO] PluginManager:220 - loadIPPluginJar : add tracer_emb
2023-09-25 18:38:58,641 [INFO] IPUIPlugin:80 - create IPUIPlugin
2023-09-25 18:38:58,641 [INFO] PluginManager:220 - loadIPPluginJar : add ts
2023-09-25 18:38:58,662 [INFO] IPUIPlugin:80 - create IPUIPlugin
2023-09-25 18:38:58,662 [INFO] PluginManager:220 - loadIPPluginJar : add tsc
2023-09-25 18:38:58,709 [INFO] IPUIPlugin:80 - create IPUIPlugin
2023-09-25 18:38:58,709 [INFO] PluginManager:220 - loadIPPluginJar : add ucpd
2023-09-25 18:38:58,774 [INFO] IPUIPlugin:80 - create IPUIPlugin
2023-09-25 18:38:58,774 [INFO] PluginManager:220 - loadIPPluginJar : add usart
2023-09-25 18:38:58,840 [INFO] IPUIPlugin:80 - create IPUIPlugin
2023-09-25 18:38:58,840 [INFO] PluginManager:220 - loadIPPluginJar : add usbx
2023-09-25 18:38:59,094 [INFO] CADModel:165 - CPN selected for project level
2023-09-25 18:38:59,094 [INFO] CADModel:114 - Register for checkConnection events
2023-09-25 18:38:59,094 [FATAL] Updater:308 - Updater called before beeing initialized
2023-09-25 18:38:59,094 [ERROR] CADModel:125 - Updater not yet initialized, retry later 
2023-09-25 18:38:59,258 [INFO] ThirdPartyUpdaterWithRetryManager:70 - Updater plugin not ready yet. [3/15]
2023-09-25 18:39:00,148 [INFO] CADModel:165 - CPN selected for project level
2023-09-25 18:39:00,148 [INFO] CADModel:114 - Register for checkConnection events
2023-09-25 18:39:00,148 [FATAL] Updater:308 - Updater called before beeing initialized
2023-09-25 18:39:00,148 [ERROR] CADModel:125 - Updater not yet initialized, retry later 
2023-09-25 18:39:00,188 [FATAL] Updater:308 - Updater called before beeing initialized
2023-09-25 18:39:00,678 [FATAL] Updater:308 - Updater called before beeing initialized
2023-09-25 18:39:00,725 [INFO] DbMcusAds:53 - JSON generation date=Thu Sep 30 01:55:09 COT 2021 (1632984909247)
2023-09-25 18:39:00,726 [FATAL] Updater:308 - Updater called before beeing initialized
2023-09-25 18:39:01,263 [WARN] DetailPanel:346 - Failed to get advertising image, set to default
2023-09-25 18:39:01,561 [FATAL] Updater:308 - Updater called before beeing initialized
2023-09-25 18:39:01,737 [FATAL] Updater:308 - Updater called before beeing initialized
2023-09-25 18:39:01,738 [FATAL] Updater:308 - Updater called before beeing initialized
2023-09-25 18:39:01,738 [WARN] DetailPanel:346 - Failed to get advertising image, set to default
2023-09-25 18:39:01,741 [FATAL] Updater:308 - Updater called before beeing initialized
2023-09-25 18:39:01,932 [ERROR] Updater:1120 - MainUpdater not yet initialized. External WinMGr cannot be set.
2023-09-25 18:39:01,952 [INFO] Updater:1056 - Updater Version found : 6.9.1
2023-09-25 18:39:02,030 [INFO] ApplicationProperties:184 - Using Application install path: C:\ST\STM32CubeIDE_1.13.1\STM32CubeIDE\plugins\com.st.stm32cube.common.mx_6.9.1.202307191849
2023-09-25 18:39:02,260 [FATAL] Updater:308 - Updater called before beeing initialized
2023-09-25 18:39:02,260 [ERROR] IntegrityCheckThread:130 - Cannot retrieve database content from updater: error 21
2023-09-25 18:39:02,261 [INFO] ThirdParty:978 - Integrity check success = false
2023-09-25 18:39:02,261 [INFO] IntegrityCheckThread:100 - exiting critical section [integrity check]
2023-09-25 18:39:02,261 [INFO] IntegrityCheckThread:103 - End integrity checks thread
2023-09-25 18:39:03,230 [INFO] MainUpdater:2868 - connection check result : 10
2023-09-25 18:39:03,230 [INFO] MainUpdater:3562 - Updater definition file requires update
2023-09-25 18:39:03,233 [INFO] MainUpdater:285 - Updater Check For Update Now.
2023-09-25 18:39:03,233 [INFO] MicroXplorer:498 - Change Database Version : DB.6.0.91
2023-09-25 18:39:03,306 [INFO] McuFinderGlobals:63 - Set McuFinder mode to 2 (CubeIDE integrated)
2023-09-25 18:39:03,306 [INFO] UserAuth:179 - activating auth plugin
2023-09-25 18:39:03,319 [INFO] UserAuth:393 - Internet connection configuration mode: 1
2023-09-25 18:39:03,365 [INFO] ServerAccessManage:473 - Download File updaters.zip
2023-09-25 18:39:03,496 [INFO] JxBrowserEngine:151 - Initiate JxBrowser Engine with user profile folder
2023-09-25 18:39:03,814 [INFO] FileExtend:240 - Unzip File : updaters.zip
2023-09-25 18:39:03,814 [INFO] FileExtend:255 - Standard Zip Deflate
2023-09-25 18:39:05,681 [INFO] ServerAccessManage:473 - Download File PacksControlFlags.xml
2023-09-25 18:39:06,019 [INFO] ServerAccessManage:473 - Download File cubemx.pidx
2023-09-25 18:39:06,807 [INFO] LoadServerUpdatesThread:373 - End of LoadServerUpdate Thread
2023-09-25 18:39:07,030 [INFO] CheckServerUpdateThread:120 - End of CheckServer Thread
2023-09-25 18:39:29,789 [INFO] WebApp:157 - Instantiating new browser for Auth
2023-09-25 18:39:45,115 [INFO] WebApp:753 - Register for checkConnection events
2023-09-25 18:39:45,115 [INFO] WebApp:390 - Apply proxy settings
2023-09-25 18:39:45,116 [INFO] WebApp:475 - Chromium requires no authentication
2023-09-25 18:39:45,136 [INFO] WebApp:418 - Direct internet connection detected
2023-09-25 18:39:47,383 [INFO] WebApp:188 - Starting web application
2023-09-25 18:39:47,383 [INFO] WebApp:520 - Web application path used C:\ST\STM32CubeIDE_1.13.1\STM32CubeIDE\plugins\com.st.stm32cube.common.mx_6.9.1.202307191849\db\plugins\mcufinder\reactClient1\index.html
2023-09-25 18:40:22,368 [ERROR] LogOutputStream:75 - [STDERR_REDIRECT] SLF4J: Failed to load class "org.slf4j.impl.StaticLoggerBinder".
2023-09-25 18:40:22,370 [ERROR] LogOutputStream:75 - [STDERR_REDIRECT] SLF4J: Defaulting to no-operation (NOP) logger implementation
2023-09-25 18:40:22,376 [ERROR] LogOutputStream:75 - [STDERR_REDIRECT] SLF4J: See http://www.slf4j.org/codes.html#StaticLoggerBinder for further details.
2023-09-25 19:55:52,792 [ERROR] LogOutputStream:75 - [STDERR_REDIRECT] 
