2023-09-15 19:09:29,203 [INFO] Activator:176 - 


2023-09-15 19:09:29,207 [INFO] Activator:177 - !SESSION log4j initialized
2023-09-15 19:10:20,785 [INFO] LogOutputStream:77 - [STDOUT_REDIRECT] 
2023-09-15 19:10:39,569 [INFO] ApplicationProperties:184 - Using Application install path: C:\ST\STM32CubeIDE_1.13.1\STM32CubeIDE\plugins\com.st.stm32cube.common.mx_6.9.1.202307191849
2023-09-15 19:10:39,758 [INFO] DbMcusXml:78 - Set database path to: C:\ST\STM32CubeIDE_1.13.1\STM32CubeIDE\plugins\com.st.stm32cube.common.mx_6.9.1.202307191849\\db\/mcu/
2023-09-15 19:10:39,758 [INFO] ApiDb:274 - Set plugin database path to: C:\ST\STM32CubeIDE_1.13.1\STM32CubeIDE\plugins\com.st.stm32cube.common.mx_6.9.1.202307191849\\db\/plugins/boardmanager/
2023-09-15 19:10:39,759 [WARN] ApiDb:259 - Overriding images path with different value:  => C:\ST\STM32CubeIDE_1.13.1\STM32CubeIDE\plugins\com.st.stm32cube.common.mx_6.9.1.202307191849\\db\/plugins/mcufinder/images/
2023-09-15 19:10:45,951 [WARN] ApiFinderProperties:113 - C:\Users\Nicolas\.stmcufinder\plugins\mcufinder\mcu\mcuFinder.mfd doesn't exist
2023-09-15 19:10:45,952 [INFO] ApiDb:250 - Set database path to: C:\Users\Nicolas\.stmcufinder\plugins\mcufinder//mcu/
2023-09-15 19:10:45,953 [INFO] DbMcusAds:125 - Set database path to: C:\Users\Nicolas\.stmcufinder\plugins\mcufinder//mcu/
2023-09-15 19:10:46,023 [INFO] CrossReferenceDbSqlite:203 - Set database path to: C:\Users\Nicolas\.stmcufinder\plugins\mcufinder//mcu/cs/
2023-09-15 19:10:46,635 [INFO] RulesReader:64 - Compatibility file has been processed (293 Rules)
2023-09-15 19:10:47,676 [INFO] DbMcusXml:78 - Set database path to: C:\ST\STM32CubeIDE_1.13.1\STM32CubeIDE\plugins\com.st.stm32cube.common.mx_6.9.1.202307191849\\db\/mcu/
2023-09-15 19:10:47,676 [INFO] ApiDb:274 - Set plugin database path to: C:\ST\STM32CubeIDE_1.13.1\STM32CubeIDE\plugins\com.st.stm32cube.common.mx_6.9.1.202307191849\\db\/plugins/boardmanager/
2023-09-15 19:10:47,677 [INFO] ApiDb:261 - Set plugin images path to: C:\ST\STM32CubeIDE_1.13.1\STM32CubeIDE\plugins\com.st.stm32cube.common.mx_6.9.1.202307191849\\db\/plugins/mcufinder/images/
2023-09-15 19:10:47,677 [WARN] DbFile:41 - Overriding database path with different value: C:\Users\Nicolas\.stmcufinder\plugins\mcufinder/ => C:\Users\Nicolas\.stmcufinder\plugins\mcufinder
2023-09-15 19:10:47,678 [INFO] ApiDb:250 - Set database path to: C:\Users\Nicolas\.stmcufinder\plugins\mcufinder//mcu/
2023-09-15 19:10:47,678 [WARN] DbFile:41 - Overriding database path with different value: C:\Users\Nicolas\.stmcufinder\plugins\mcufinder/ => C:\Users\Nicolas\.stmcufinder\plugins\mcufinder
2023-09-15 19:10:47,678 [INFO] DbMcusAds:125 - Set database path to: C:\Users\Nicolas\.stmcufinder\plugins\mcufinder//mcu/
2023-09-15 19:10:47,678 [WARN] DbFile:41 - Overriding database path with different value: C:\Users\Nicolas\.stmcufinder\plugins\mcufinder/ => C:\Users\Nicolas\.stmcufinder\plugins\mcufinder
2023-09-15 19:10:47,679 [WARN] DbFile:41 - Overriding database path with different value: C:\Users\Nicolas\.stmcufinder\plugins\mcufinder/ => C:\Users\Nicolas\.stmcufinder\plugins\mcufinder
2023-09-15 19:10:47,679 [INFO] CrossReferenceDbSqlite:203 - Set database path to: C:\Users\Nicolas\.stmcufinder\plugins\mcufinder//mcu/cs/
2023-09-15 19:10:50,129 [INFO] MainPanel:262 - HeapMemory: 268435456
2023-09-15 19:10:51,349 [INFO] DbMcusXml:78 - Set database path to: C:\ST\STM32CubeIDE_1.13.1\STM32CubeIDE\plugins\com.st.stm32cube.common.mx_6.9.1.202307191849\\db\/mcu/
2023-09-15 19:10:51,350 [INFO] ApiDb:274 - Set plugin database path to: C:\ST\STM32CubeIDE_1.13.1\STM32CubeIDE\plugins\com.st.stm32cube.common.mx_6.9.1.202307191849\\db\/plugins/boardmanager/
2023-09-15 19:10:51,350 [INFO] ApiDb:261 - Set plugin images path to: C:\ST\STM32CubeIDE_1.13.1\STM32CubeIDE\plugins\com.st.stm32cube.common.mx_6.9.1.202307191849\\db\/plugins/mcufinder/images/
2023-09-15 19:10:51,365 [WARN] DbFile:41 - Overriding database path with different value: C:\Users\Nicolas\.stmcufinder\plugins\mcufinder/ => C:\Users\Nicolas\.stmcufinder\plugins\mcufinder
2023-09-15 19:10:51,365 [INFO] ApiDb:250 - Set database path to: C:\Users\Nicolas\.stmcufinder\plugins\mcufinder//mcu/
2023-09-15 19:10:51,365 [WARN] DbFile:41 - Overriding database path with different value: C:\Users\Nicolas\.stmcufinder\plugins\mcufinder/ => C:\Users\Nicolas\.stmcufinder\plugins\mcufinder
2023-09-15 19:10:51,366 [INFO] DbMcusAds:125 - Set database path to: C:\Users\Nicolas\.stmcufinder\plugins\mcufinder//mcu/
2023-09-15 19:10:51,366 [WARN] DbFile:41 - Overriding database path with different value: C:\Users\Nicolas\.stmcufinder\plugins\mcufinder/ => C:\Users\Nicolas\.stmcufinder\plugins\mcufinder
2023-09-15 19:10:51,366 [WARN] DbFile:41 - Overriding database path with different value: C:\Users\Nicolas\.stmcufinder\plugins\mcufinder/ => C:\Users\Nicolas\.stmcufinder\plugins\mcufinder
2023-09-15 19:10:51,366 [INFO] CrossReferenceDbSqlite:203 - Set database path to: C:\Users\Nicolas\.stmcufinder\plugins\mcufinder//mcu/cs/
2023-09-15 19:10:51,673 [INFO] ApplicationProperties:184 - Using Application install path: C:\ST\STM32CubeIDE_1.13.1\STM32CubeIDE\plugins\com.st.stm32cube.common.mx_6.9.1.202307191849
2023-09-15 19:10:51,689 [INFO] PluginManage:196 - Search for loadable plugins [exclusion list=, ]
2023-09-15 19:10:51,793 [INFO] PluginManage:310 - Check plugin analytics
2023-09-15 19:10:52,652 [INFO] AnalyticsPlugin:253 - Accepted Software Licenses: 
2023-09-15 19:10:52,653 [INFO] AnalyticsPlugin:255 - Accepted CMSIS Pack Licenses: 
2023-09-15 19:10:52,653 [INFO] AnalyticsPlugin:257 - Accepted Firmware Licenses: 
2023-09-15 19:10:52,660 [INFO] PluginManage:359 - Loaded plugin analytics (category:tool,tabindex:-1)
2023-09-15 19:10:52,660 [INFO] PluginManage:310 - Check plugin cadmodel
2023-09-15 19:10:52,727 [INFO] CADModel:105 - Init CAD model plugin
2023-09-15 19:10:52,727 [INFO] PluginManage:359 - Loaded plugin cadmodel (category:power,tabindex:5)
2023-09-15 19:10:52,727 [INFO] PluginManage:310 - Check plugin clock
2023-09-15 19:10:52,877 [INFO] PluginManage:359 - Loaded plugin clock (category:base,tabindex:2)
2023-09-15 19:10:52,877 [INFO] PluginManage:310 - Check plugin ddr
2023-09-15 19:10:52,906 [INFO] PluginManage:359 - Loaded plugin ddr (category:tool,tabindex:6)
2023-09-15 19:10:52,906 [INFO] PluginManage:310 - Check plugin filemanager
2023-09-15 19:10:53,717 [INFO] PluginManage:359 - Loaded plugin filemanager (category:base,tabindex:10)
2023-09-15 19:10:53,717 [INFO] PluginManage:310 - Check plugin ipmanager
2023-09-15 19:10:53,781 [INFO] PluginManage:359 - Loaded plugin ipmanager (category:base,tabindex:5)
2023-09-15 19:10:53,781 [INFO] PluginManage:310 - Check plugin lpbam
2023-09-15 19:10:53,842 [INFO] PluginManage:359 - Loaded plugin lpbam (category:base,tabindex:0)
2023-09-15 19:10:53,843 [INFO] PluginManage:310 - Check plugin memorymap
2023-09-15 19:10:54,079 [INFO] PluginManage:359 - Loaded plugin memorymap (category:base,tabindex:4)
2023-09-15 19:10:54,079 [INFO] PluginManage:310 - Check plugin pinoutandconfiguration
2023-09-15 19:10:54,128 [INFO] PluginManage:359 - Loaded plugin pinoutandconfiguration (category:base,tabindex:1)
2023-09-15 19:10:54,129 [INFO] PluginManage:310 - Check plugin pinoutconfig
2023-09-15 19:10:54,727 [WARN] SupportedApi:132 - Cannot load RTOS API schema: s4s-elt-must-match.1: The content of 'definitions' must match (annotation?, (simpleType | complexType)?, (unique | key | keyref)*)). A problem was found starting at: attribute.
2023-09-15 19:10:55,632 [INFO] PluginManage:359 - Loaded plugin pinoutconfig (category:base,tabindex:0)
2023-09-15 19:10:55,632 [INFO] PluginManage:310 - Check plugin power
2023-09-15 19:10:55,722 [INFO] PluginManage:359 - Loaded plugin power (category:power,tabindex:4)
2023-09-15 19:10:55,723 [INFO] PluginManage:310 - Check plugin projectmanager
2023-09-15 19:10:55,781 [INFO] PluginManage:359 - Loaded plugin projectmanager (category:projectmanager,tabindex:3)
2023-09-15 19:10:55,781 [INFO] PluginManage:310 - Check plugin thirdparty
2023-09-15 19:10:57,303 [INFO] PluginManage:359 - Loaded plugin thirdparty (category:base,tabindex:-1)
2023-09-15 19:10:57,303 [WARN] IntegrityCheckThread:84 - waiting for thirdparty lock release [integrity check]
2023-09-15 19:10:57,304 [INFO] PluginManage:310 - Check plugin tools
2023-09-15 19:10:57,304 [INFO] IntegrityCheckThread:86 - entering critical section [integrity check]
2023-09-15 19:10:57,306 [INFO] ThirdPartyUpdaterWithRetryManager:70 - Updater plugin not ready yet. [1/15]
2023-09-15 19:10:57,750 [INFO] PluginManage:359 - Loaded plugin tools (category:base,tabindex:7)
2023-09-15 19:10:57,750 [INFO] PluginManage:310 - Check plugin tutovideos
2023-09-15 19:11:00,309 [INFO] ThirdPartyUpdaterWithRetryManager:70 - Updater plugin not ready yet. [2/15]
2023-09-15 19:11:02,241 [INFO] PluginManage:359 - Loaded plugin tutovideos (category:base,tabindex:-1)
2023-09-15 19:11:02,241 [INFO] PluginManage:310 - Check plugin updater
2023-09-15 19:11:02,424 [INFO] PluginManage:359 - Loaded plugin updater (category:base,tabindex:12)
2023-09-15 19:11:02,425 [INFO] PluginManage:310 - Check plugin userauth
2023-09-15 19:11:02,461 [INFO] UserAuth:113 - Init User Auth plugin
2023-09-15 19:11:02,462 [INFO] PluginManage:359 - Loaded plugin userauth (category:base,tabindex:14)
2023-09-15 19:11:02,472 [INFO] PluginManage:283 - PluginManage : Loaded plugins [17]
2023-09-15 19:11:03,310 [INFO] ThirdPartyUpdaterWithRetryManager:70 - Updater plugin not ready yet. [3/15]
2023-09-15 19:11:04,549 [INFO] PinOutPanel:1499 - setPackage(No Configuration,No Configuration)
2023-09-15 19:11:05,334 [INFO] CADModel:165 - CPN selected for project level
2023-09-15 19:11:05,334 [INFO] CADModel:114 - Register for checkConnection events
2023-09-15 19:11:05,492 [INFO] IPUIPlugin:80 - create IPUIPlugin
2023-09-15 19:11:05,492 [INFO] PluginManager:220 - loadIPPluginJar : add adc
2023-09-15 19:11:05,552 [INFO] IPUIPlugin:80 - create IPUIPlugin
2023-09-15 19:11:05,552 [INFO] PluginManager:220 - loadIPPluginJar : add aes
2023-09-15 19:11:05,610 [INFO] IPUIPlugin:80 - create IPUIPlugin
2023-09-15 19:11:05,610 [INFO] PluginManager:220 - loadIPPluginJar : add can
2023-09-15 19:11:05,708 [INFO] IPUIPlugin:80 - create IPUIPlugin
2023-09-15 19:11:05,708 [INFO] PluginManager:220 - loadIPPluginJar : add comp
2023-09-15 19:11:05,782 [INFO] IPUIPlugin:80 - create IPUIPlugin
2023-09-15 19:11:05,782 [INFO] PluginManager:220 - loadIPPluginJar : add cryp
2023-09-15 19:11:05,826 [INFO] IPUIPlugin:80 - create IPUIPlugin
2023-09-15 19:11:05,826 [INFO] PluginManager:220 - loadIPPluginJar : add dfsdm
2023-09-15 19:11:05,878 [INFO] IPUIPlugin:80 - create IPUIPlugin
2023-09-15 19:11:05,900 [INFO] PluginManager:220 - loadIPPluginJar : add dma
2023-09-15 19:11:05,968 [INFO] IPUIPlugin:80 - create IPUIPlugin
2023-09-15 19:11:05,969 [INFO] PluginManager:220 - loadIPPluginJar : add dma3
2023-09-15 19:11:06,019 [INFO] IPUIPlugin:80 - create IPUIPlugin
2023-09-15 19:11:06,019 [INFO] PluginManager:220 - loadIPPluginJar : add fatfs
2023-09-15 19:11:06,080 [INFO] IPUIPlugin:80 - create IPUIPlugin
2023-09-15 19:11:06,080 [INFO] PluginManager:220 - loadIPPluginJar : add fmc
2023-09-15 19:11:06,166 [INFO] IPUIPlugin:80 - create IPUIPlugin
2023-09-15 19:11:06,166 [INFO] PluginManager:220 - loadIPPluginJar : add freertos
2023-09-15 19:11:06,201 [INFO] IPUIPlugin:80 - create IPUIPlugin
2023-09-15 19:11:06,201 [INFO] PluginManager:220 - loadIPPluginJar : add genericplugin
2023-09-15 19:11:06,313 [INFO] ThirdPartyUpdaterWithRetryManager:70 - Updater plugin not ready yet. [4/15]
2023-09-15 19:11:06,457 [INFO] IPUIPlugin:80 - create IPUIPlugin
2023-09-15 19:11:06,457 [INFO] PluginManager:220 - loadIPPluginJar : add gfxmmu
2023-09-15 19:11:06,609 [INFO] IPUIPlugin:80 - create IPUIPlugin
2023-09-15 19:11:06,609 [INFO] PluginManager:220 - loadIPPluginJar : add gic
2023-09-15 19:11:06,654 [INFO] IPUIPlugin:80 - create IPUIPlugin
2023-09-15 19:11:06,654 [INFO] PluginManager:220 - loadIPPluginJar : add gpio
2023-09-15 19:11:06,788 [INFO] IPUIPlugin:80 - create IPUIPlugin
2023-09-15 19:11:06,788 [INFO] PluginManager:220 - loadIPPluginJar : add gtzc
2023-09-15 19:11:06,848 [INFO] IPUIPlugin:80 - create IPUIPlugin
2023-09-15 19:11:06,848 [INFO] PluginManager:220 - loadIPPluginJar : add hash
2023-09-15 19:11:06,926 [INFO] IPUIPlugin:80 - create IPUIPlugin
2023-09-15 19:11:06,927 [INFO] PluginManager:220 - loadIPPluginJar : add i2c
2023-09-15 19:11:07,000 [INFO] IPUIPlugin:80 - create IPUIPlugin
2023-09-15 19:11:07,000 [INFO] PluginManager:220 - loadIPPluginJar : add i2s
2023-09-15 19:11:07,087 [INFO] IPUIPlugin:80 - create IPUIPlugin
2023-09-15 19:11:07,088 [INFO] PluginManager:220 - loadIPPluginJar : add i3c
2023-09-15 19:11:07,289 [INFO] IPUIPlugin:80 - create IPUIPlugin
2023-09-15 19:11:07,289 [INFO] PluginManager:220 - loadIPPluginJar : add ipddr
2023-09-15 19:11:07,454 [INFO] IPUIPlugin:80 - create IPUIPlugin
2023-09-15 19:11:07,454 [INFO] PluginManager:220 - loadIPPluginJar : add linkedlist
2023-09-15 19:11:07,498 [INFO] IPUIPlugin:80 - create IPUIPlugin
2023-09-15 19:11:07,499 [INFO] PluginManager:220 - loadIPPluginJar : add lorawan
2023-09-15 19:11:07,562 [INFO] IPUIPlugin:80 - create IPUIPlugin
2023-09-15 19:11:07,563 [INFO] PluginManager:220 - loadIPPluginJar : add ltdc
2023-09-15 19:11:07,648 [INFO] IPUIPlugin:80 - create IPUIPlugin
2023-09-15 19:11:07,648 [INFO] PluginManager:220 - loadIPPluginJar : add mdma
2023-09-15 19:11:07,682 [INFO] IPUIPlugin:80 - create IPUIPlugin
2023-09-15 19:11:07,682 [INFO] PluginManager:220 - loadIPPluginJar : add nvic
2023-09-15 19:11:07,737 [INFO] IPUIPlugin:80 - create IPUIPlugin
2023-09-15 19:11:07,737 [INFO] PluginManager:220 - loadIPPluginJar : add opamp
2023-09-15 19:11:07,832 [INFO] IPUIPlugin:80 - create IPUIPlugin
2023-09-15 19:11:07,832 [INFO] PluginManager:220 - loadIPPluginJar : add openamp
2023-09-15 19:11:07,917 [INFO] IPUIPlugin:80 - create IPUIPlugin
2023-09-15 19:11:07,917 [INFO] PluginManager:220 - loadIPPluginJar : add pdm2pcm
2023-09-15 19:11:07,975 [INFO] IPUIPlugin:80 - create IPUIPlugin
2023-09-15 19:11:07,978 [INFO] PluginManager:220 - loadIPPluginJar : add plateformsettings
2023-09-15 19:11:08,007 [INFO] IPUIPlugin:80 - create IPUIPlugin
2023-09-15 19:11:08,007 [INFO] PluginManager:220 - loadIPPluginJar : add quadspi
2023-09-15 19:11:08,064 [INFO] IPUIPlugin:80 - create IPUIPlugin
2023-09-15 19:11:08,064 [INFO] PluginManager:220 - loadIPPluginJar : add resmgrutility
2023-09-15 19:11:08,155 [INFO] IPUIPlugin:80 - create IPUIPlugin
2023-09-15 19:11:08,155 [INFO] PluginManager:220 - loadIPPluginJar : add sai
2023-09-15 19:11:08,211 [INFO] IPUIPlugin:80 - create IPUIPlugin
2023-09-15 19:11:08,211 [INFO] PluginManager:220 - loadIPPluginJar : add spi
2023-09-15 19:11:08,300 [INFO] IPUIPlugin:80 - create IPUIPlugin
2023-09-15 19:11:08,300 [INFO] PluginManager:220 - loadIPPluginJar : add stm32_wpan
2023-09-15 19:11:08,363 [INFO] IPUIPlugin:80 - create IPUIPlugin
2023-09-15 19:11:08,363 [INFO] PluginManager:220 - loadIPPluginJar : add tim
2023-09-15 19:11:08,464 [INFO] IPUIPlugin:80 - create IPUIPlugin
2023-09-15 19:11:08,464 [INFO] PluginManager:220 - loadIPPluginJar : add touchsensing
2023-09-15 19:11:08,513 [INFO] IPUIPlugin:80 - create IPUIPlugin
2023-09-15 19:11:08,513 [INFO] PluginManager:220 - loadIPPluginJar : add tracer_emb
2023-09-15 19:11:08,563 [INFO] IPUIPlugin:80 - create IPUIPlugin
2023-09-15 19:11:08,563 [INFO] PluginManager:220 - loadIPPluginJar : add ts
2023-09-15 19:11:08,595 [INFO] IPUIPlugin:80 - create IPUIPlugin
2023-09-15 19:11:08,595 [INFO] PluginManager:220 - loadIPPluginJar : add tsc
2023-09-15 19:11:08,657 [INFO] IPUIPlugin:80 - create IPUIPlugin
2023-09-15 19:11:08,657 [INFO] PluginManager:220 - loadIPPluginJar : add ucpd
2023-09-15 19:11:08,744 [INFO] IPUIPlugin:80 - create IPUIPlugin
2023-09-15 19:11:08,745 [INFO] PluginManager:220 - loadIPPluginJar : add usart
2023-09-15 19:11:08,801 [INFO] IPUIPlugin:80 - create IPUIPlugin
2023-09-15 19:11:08,801 [INFO] PluginManager:220 - loadIPPluginJar : add usbx
2023-09-15 19:11:08,998 [INFO] CADModel:165 - CPN selected for project level
2023-09-15 19:11:08,999 [INFO] CADModel:114 - Register for checkConnection events
2023-09-15 19:11:09,001 [FATAL] Updater:308 - Updater called before beeing initialized
2023-09-15 19:11:09,002 [ERROR] CADModel:125 - Updater not yet initialized, retry later 
2023-09-15 19:11:09,313 [INFO] ThirdPartyUpdaterWithRetryManager:70 - Updater plugin not ready yet. [5/15]
2023-09-15 19:11:10,105 [INFO] CADModel:165 - CPN selected for project level
2023-09-15 19:11:10,106 [INFO] CADModel:114 - Register for checkConnection events
2023-09-15 19:11:10,106 [FATAL] Updater:308 - Updater called before beeing initialized
2023-09-15 19:11:10,106 [ERROR] CADModel:125 - Updater not yet initialized, retry later 
2023-09-15 19:11:10,154 [FATAL] Updater:308 - Updater called before beeing initialized
2023-09-15 19:11:10,564 [FATAL] Updater:308 - Updater called before beeing initialized
2023-09-15 19:11:10,572 [INFO] DbMcusAds:53 - JSON generation date=Thu Sep 30 01:55:09 COT 2021 (1632984909247)
2023-09-15 19:11:10,572 [FATAL] Updater:308 - Updater called before beeing initialized
2023-09-15 19:11:11,334 [WARN] DetailPanel:346 - Failed to get advertising image, set to default
2023-09-15 19:11:11,501 [FATAL] Updater:308 - Updater called before beeing initialized
2023-09-15 19:11:11,526 [FATAL] Updater:308 - Updater called before beeing initialized
2023-09-15 19:11:11,527 [FATAL] Updater:308 - Updater called before beeing initialized
2023-09-15 19:11:11,527 [WARN] DetailPanel:346 - Failed to get advertising image, set to default
2023-09-15 19:11:11,528 [FATAL] Updater:308 - Updater called before beeing initialized
2023-09-15 19:11:11,768 [ERROR] Updater:1120 - MainUpdater not yet initialized. External WinMGr cannot be set.
2023-09-15 19:11:11,787 [INFO] Updater:1056 - Updater Version found : 6.9.1
2023-09-15 19:11:12,122 [INFO] ApplicationProperties:184 - Using Application install path: C:\ST\STM32CubeIDE_1.13.1\STM32CubeIDE\plugins\com.st.stm32cube.common.mx_6.9.1.202307191849
2023-09-15 19:11:12,214 [INFO] MainUpdater:521 - Copy updater definitions from MX database
2023-09-15 19:11:12,314 [FATAL] Updater:308 - Updater called before beeing initialized
2023-09-15 19:11:12,315 [ERROR] IntegrityCheckThread:130 - Cannot retrieve database content from updater: error 21
2023-09-15 19:11:12,315 [INFO] ThirdParty:978 - Integrity check success = false
2023-09-15 19:11:12,315 [INFO] IntegrityCheckThread:100 - exiting critical section [integrity check]
2023-09-15 19:11:12,315 [INFO] IntegrityCheckThread:103 - End integrity checks thread
2023-09-15 19:11:12,319 [INFO] MainUpdater:554 - Copy flag file definitions from MX database
2023-09-15 19:11:12,359 [INFO] MainUpdater:570 - Copy thirdparty index definitions from MX database
2023-09-15 19:11:12,384 [INFO] MainUpdater:589 - Copy default thirdparty db definitions from MX database
2023-09-15 19:11:13,258 [INFO] MainUpdater:2868 - connection check result : 10
2023-09-15 19:11:13,259 [INFO] MainUpdater:3562 - Updater definition file requires update
2023-09-15 19:11:13,261 [INFO] MainUpdater:285 - Updater Check For Update Now.
2023-09-15 19:11:13,261 [INFO] MicroXplorer:498 - Change Database Version : DB.6.0.91
2023-09-15 19:11:13,330 [INFO] McuFinderGlobals:63 - Set McuFinder mode to 2 (CubeIDE integrated)
2023-09-15 19:11:13,330 [INFO] UserAuth:179 - activating auth plugin
2023-09-15 19:11:13,344 [INFO] UserAuth:393 - Internet connection configuration mode: 1
2023-09-15 19:11:13,416 [INFO] ServerAccessManage:473 - Download File updaters.zip
2023-09-15 19:11:13,697 [INFO] JxBrowserEngine:151 - Initiate JxBrowser Engine with user profile folder
2023-09-15 19:11:13,792 [INFO] FileExtend:240 - Unzip File : updaters.zip
2023-09-15 19:11:13,792 [INFO] FileExtend:255 - Standard Zip Deflate
2023-09-15 19:11:14,488 [INFO] ServerAccessManage:473 - Download File PacksControlFlags.xml
2023-09-15 19:11:14,890 [INFO] ServerAccessManage:473 - Download File cubemx.pidx
2023-09-15 19:11:15,823 [INFO] ServerAccessManage:473 - Download File STMicroelectronics.FP-ATR-ASTRA1.pdsc
2023-09-15 19:11:16,382 [INFO] ServerAccessManage:473 - Download File STMicroelectronics.FP-ATR-SIGFOX1.pdsc
2023-09-15 19:11:17,327 [INFO] ServerAccessManage:473 - Download File STMicroelectronics.FP-SNS-FLIGHT1.pdsc
2023-09-15 19:11:18,535 [INFO] ServerAccessManage:473 - Download File STMicroelectronics.FP-SNS-MOTENV1.pdsc
2023-09-15 19:11:19,332 [INFO] ServerAccessManage:473 - Download File STMicroelectronics.FP-SNS-SMARTAG2.pdsc
2023-09-15 19:11:20,130 [INFO] ServerAccessManage:473 - Download File STMicroelectronics.X-CUBE-AI.pdsc
2023-09-15 19:11:24,773 [INFO] ServerAccessManage:473 - Download File STMicroelectronics.X-CUBE-ALS.pdsc
2023-09-15 19:11:25,938 [INFO] ServerAccessManage:473 - Download File STMicroelectronics.X-CUBE-BLE1.pdsc
2023-09-15 19:11:30,087 [ERROR] ServerAccessManage:1089 - Problem, file not found on Server
2023-09-15 19:11:30,252 [INFO] ServerAccessManage:473 - Download File STMicroelectronics.X-CUBE-BLE2.pdsc
2023-09-15 19:11:31,249 [INFO] ServerAccessManage:473 - Download File STMicroelectronics.X-CUBE-BLEMGR.pdsc
2023-09-15 19:11:32,013 [INFO] ServerAccessManage:473 - Download File STMicroelectronics.X-CUBE-DISPLAY.pdsc
2023-09-15 19:11:32,832 [INFO] ServerAccessManage:473 - Download File STMicroelectronics.X-CUBE-EEPRMA1.pdsc
2023-09-15 19:11:33,815 [ERROR] ServerAccessManage:1089 - Problem, file not found on Server
2023-09-15 19:11:34,490 [INFO] ServerAccessManage:473 - Download File STMicroelectronics.X-CUBE-FREERTOS.pdsc
2023-09-15 19:11:36,668 [INFO] ServerAccessManage:473 - Download File STMicroelectronics.X-CUBE-GNSS1.pdsc
2023-09-15 19:11:38,020 [ERROR] ServerAccessManage:1089 - Problem, file not found on Server
2023-09-15 19:11:38,324 [ERROR] ServerAccessManage:1089 - Problem, file not found on Server
2023-09-15 19:11:38,723 [ERROR] ServerAccessManage:1089 - Problem, file not found on Server
2023-09-15 19:11:39,086 [ERROR] ServerAccessManage:1089 - Problem, file not found on Server
2023-09-15 19:11:39,385 [ERROR] ServerAccessManage:1089 - Problem, file not found on Server
2023-09-15 19:11:39,706 [ERROR] ServerAccessManage:1089 - Problem, file not found on Server
2023-09-15 19:11:39,876 [INFO] ServerAccessManage:473 - Download File STMicroelectronics.X-CUBE-ISPU.pdsc
2023-09-15 19:11:40,604 [INFO] ServerAccessManage:473 - Download File STMicroelectronics.X-CUBE-MEMS1.pdsc
2023-09-15 19:11:42,985 [INFO] ServerAccessManage:473 - Download File STMicroelectronics.X-CUBE-NFC4.pdsc
2023-09-15 19:11:44,966 [INFO] ServerAccessManage:473 - Download File STMicroelectronics.X-CUBE-NFC6.pdsc
2023-09-15 19:11:45,712 [INFO] ServerAccessManage:473 - Download File STMicroelectronics.X-CUBE-NFC7.pdsc
2023-09-15 19:11:46,561 [INFO] ServerAccessManage:473 - Download File STMicroelectronics.X-CUBE-SFXS2LP1.pdsc
2023-09-15 19:11:47,617 [INFO] ServerAccessManage:473 - Download File STMicroelectronics.X-CUBE-SUBG2.pdsc
2023-09-15 19:11:49,485 [INFO] ServerAccessManage:473 - Download File STMicroelectronics.X-CUBE-SMBUS.pdsc
2023-09-15 19:11:50,252 [ERROR] ServerAccessManage:1089 - Problem, file not found on Server
2023-09-15 19:11:50,655 [INFO] ServerAccessManage:473 - Download File STMicroelectronics.X-CUBE-TOF1.pdsc
2023-09-15 19:11:53,215 [ERROR] ServerAccessManage:1089 - Problem, file not found on Server
2023-09-15 19:11:53,711 [INFO] ServerAccessManage:473 - Download File STMicroelectronics.X-CUBE-TOUCHGFX.pdsc
2023-09-15 19:11:56,960 [INFO] ServerAccessManage:473 - Download File STMicroelectronics.X-CUBE-ALGOBUILD.pdsc
2023-09-15 19:11:58,418 [INFO] ServerAccessManage:473 - Download File STMicroelectronics.X-CUBE-AZRTOS-H7.pdsc
2023-09-15 19:11:59,968 [INFO] ServerAccessManage:473 - Download File STMicroelectronics.X-CUBE-AZRTOS-F4.pdsc
2023-09-15 19:12:00,618 [INFO] ServerAccessManage:473 - Download File STMicroelectronics.X-CUBE-AZRTOS-F7.pdsc
2023-09-15 19:12:01,588 [INFO] ServerAccessManage:473 - Download File STMicroelectronics.X-CUBE-AZRTOS-L4.pdsc
2023-09-15 19:12:02,911 [INFO] ServerAccessManage:473 - Download File STMicroelectronics.X-CUBE-AZRTOS-L5.pdsc
2023-09-15 19:12:03,068 [INFO] WebApp:157 - Instantiating new browser for Auth
2023-09-15 19:12:04,874 [INFO] ServerAccessManage:473 - Download File STMicroelectronics.X-CUBE-AZRTOS-G0.pdsc
2023-09-15 19:12:06,023 [INFO] ServerAccessManage:473 - Download File STMicroelectronics.X-CUBE-AZRTOS-G4.pdsc
2023-09-15 19:12:06,987 [INFO] ServerAccessManage:473 - Download File STMicroelectronics.X-CUBE-AZRTOS-WB.pdsc
2023-09-15 19:12:08,123 [INFO] ServerAccessManage:473 - Download File STMicroelectronics.X-CUBE-AZRTOS-WL.pdsc
2023-09-15 19:12:09,398 [INFO] ServerAccessManage:473 - Download File wolfSSL.I-CUBE-wolfSSL.pdsc
2023-09-15 19:12:15,398 [ERROR] ServerAccessManage:1089 - Problem, file not found on Server
2023-09-15 19:12:15,914 [ERROR] ServerAccessManage:1089 - Problem, file not found on Server
2023-09-15 19:12:16,431 [ERROR] ServerAccessManage:1089 - Problem, file not found on Server
2023-09-15 19:12:17,032 [ERROR] ServerAccessManage:1096 - Problem, Http access forbiden
2023-09-15 19:12:17,036 [ERROR] ServerAccessManage:651 - Problem, Http access forbiden : RoweBots.I-CUBE-UNISONRTOS.pdsc.
2023-09-15 19:12:18,575 [INFO] ServerAccessManage:473 - Download File SEGGER.I-CUBE-embOS.pdsc
2023-09-15 19:12:21,929 [INFO] ServerAccessManage:473 - Download File portGmbH.I-Cube-SoM-uGOAL.pdsc
2023-09-15 19:12:23,841 [ERROR] ServerAccessManage:1089 - Problem, file not found on Server
2023-09-15 19:12:24,029 [ERROR] ServerAccessManage:1089 - Problem, file not found on Server
2023-09-15 19:12:24,220 [ERROR] ServerAccessManage:1089 - Problem, file not found on Server
2023-09-15 19:12:25,207 [INFO] ServerAccessManage:473 - Download File emotas.I-CUBE-CANOPEN.pdsc
2023-09-15 19:12:26,586 [INFO] ServerAccessManage:473 - Download File WES.I-CUBE-Cesium.pdsc
2023-09-15 19:12:28,278 [ERROR] ServerAccessManage:1089 - Problem, file not found on Server
2023-09-15 19:12:28,818 [ERROR] ServerAccessManage:1089 - Problem, file not found on Server
2023-09-15 19:12:29,110 [WARN] PackLoader:240 - Cannot read IP mode file for STMicroelectronics.FP-ATR-ASTRA1.2.0.0
2023-09-15 19:12:29,132 [WARN] CheckServerUpdateThread:151 - Open CheckUpdateFile Fail
2023-09-15 19:12:29,136 [WARN] PackLoader:240 - Cannot read IP mode file for STMicroelectronics.FP-ATR-SIGFOX1.3.2.0
2023-09-15 19:12:29,164 [WARN] PackLoader:240 - Cannot read IP mode file for STMicroelectronics.FP-SNS-FLIGHT1.5.0.2
2023-09-15 19:12:29,202 [WARN] PackLoader:240 - Cannot read IP mode file for STMicroelectronics.FP-SNS-MOTENV1.4.3.2
2023-09-15 19:12:29,237 [WARN] PackLoader:240 - Cannot read IP mode file for STMicroelectronics.FP-SNS-SMARTAG2.1.2.0
2023-09-15 19:12:29,246 [WARN] PackLoader:240 - Cannot read IP mode file for STMicroelectronics.X-CUBE-AI.8.1.0
2023-09-15 19:12:29,291 [INFO] CheckServerUpdateThread:120 - End of CheckServer Thread
2023-09-15 19:12:29,296 [WARN] PackLoader:240 - Cannot read IP mode file for STMicroelectronics.X-CUBE-ALS.1.0.1
2023-09-15 19:12:29,344 [WARN] PackLoader:240 - Cannot read IP mode file for STMicroelectronics.X-CUBE-BLE1.7.0.0
2023-09-15 19:12:29,412 [WARN] PackLoader:240 - Cannot read IP mode file for STMicroelectronics.X-CUBE-BLE2.3.3.0
2023-09-15 19:12:29,458 [WARN] PackLoader:240 - Cannot read IP mode file for STMicroelectronics.X-CUBE-BLEMGR.2.0.0
2023-09-15 19:12:29,508 [WARN] PackLoader:240 - Cannot read IP mode file for STMicroelectronics.X-CUBE-DISPLAY.3.0.0
2023-09-15 19:12:29,544 [WARN] PackLoader:240 - Cannot read IP mode file for STMicroelectronics.X-CUBE-EEPRMA1.4.1.0
2023-09-15 19:12:29,595 [WARN] PackLoader:240 - Cannot read IP mode file for STMicroelectronics.X-CUBE-FREERTOS.1.1.0
2023-09-15 19:12:29,627 [WARN] PackLoader:240 - Cannot read IP mode file for STMicroelectronics.X-CUBE-GNSS1.6.0.0
2023-09-15 19:12:29,663 [WARN] PackLoader:240 - Cannot read IP mode file for STMicroelectronics.X-CUBE-ISPU.1.1.0
2023-09-15 19:12:29,768 [WARN] PackLoader:240 - Cannot read IP mode file for STMicroelectronics.X-CUBE-MEMS1.9.6.0
2023-09-15 19:12:30,044 [WARN] PackLoader:240 - Cannot read IP mode file for STMicroelectronics.X-CUBE-NFC4.3.0.0
2023-09-15 19:12:30,086 [WARN] PackLoader:240 - Cannot read IP mode file for STMicroelectronics.X-CUBE-NFC6.3.0.0
2023-09-15 19:12:30,103 [WARN] PackLoader:240 - Cannot read IP mode file for STMicroelectronics.X-CUBE-NFC7.1.0.1
2023-09-15 19:12:30,131 [WARN] PackLoader:240 - Cannot read IP mode file for STMicroelectronics.X-CUBE-SFXS2LP1.4.0.0
2023-09-15 19:12:30,164 [WARN] PackLoader:240 - Cannot read IP mode file for STMicroelectronics.X-CUBE-SUBG2.5.0.0
2023-09-15 19:12:30,193 [WARN] PackLoader:240 - Cannot read IP mode file for STMicroelectronics.X-CUBE-SMBUS.2.1.0
2023-09-15 19:12:30,233 [WARN] PackLoader:240 - Cannot read IP mode file for STMicroelectronics.X-CUBE-TOF1.3.3.1
2023-09-15 19:12:30,294 [WARN] PackLoader:240 - Cannot read IP mode file for STMicroelectronics.X-CUBE-TOUCHGFX.4.22.0
2023-09-15 19:12:30,329 [WARN] PackLoader:240 - Cannot read IP mode file for STMicroelectronics.X-CUBE-ALGOBUILD.1.3.0
2023-09-15 19:12:30,414 [WARN] ConditionMgr:438 - getConditionDescription Invalid condition id : UX DEVICE CLASS RTOS Condition cause : null
2023-09-15 19:12:30,415 [WARN] ConditionMgr:438 - getConditionDescription Invalid condition id : UX DEVICE CLASS RTOS Condition cause : null
2023-09-15 19:12:30,422 [WARN] PackLoader:240 - Cannot read IP mode file for STMicroelectronics.X-CUBE-AZRTOS-H7.3.1.0
2023-09-15 19:12:30,423 [WARN] ConditionMgr:1039 - genDependencies : Invalid condition id : UX DEVICE CLASS RTOS Condition cause : null
2023-09-15 19:12:30,423 [WARN] ConditionMgr:1039 - genDependencies : Invalid condition id : UX DEVICE CLASS RTOS Condition cause : null
2023-09-15 19:12:30,424 [WARN] ConditionMgr:1039 - genDependencies : Invalid condition id : UX DEVICE CLASS RTOS Condition cause : null
2023-09-15 19:12:30,425 [WARN] ConditionMgr:1039 - genDependencies : Invalid condition id : UX DEVICE CLASS RTOS Condition cause : null
2023-09-15 19:12:30,426 [WARN] ConditionMgr:1039 - genDependencies : Invalid condition id : UX DEVICE CLASS RTOS Condition cause : null
2023-09-15 19:12:30,490 [WARN] PackLoader:240 - Cannot read IP mode file for STMicroelectronics.X-CUBE-AZRTOS-F4.1.1.0
2023-09-15 19:12:30,517 [WARN] PackLoader:240 - Cannot read IP mode file for STMicroelectronics.X-CUBE-AZRTOS-F7.1.1.0
2023-09-15 19:12:30,561 [WARN] ConditionMgr:438 - getConditionDescription Invalid condition id : LAN8742 Phy interface Condition cause : null
2023-09-15 19:12:30,561 [WARN] PackLoader:240 - Cannot read IP mode file for STMicroelectronics.X-CUBE-AZRTOS-L4.2.0.0
2023-09-15 19:12:30,562 [WARN] ConditionMgr:1039 - genDependencies : Invalid condition id : LAN8742 Phy interface Condition cause : null
2023-09-15 19:12:30,563 [WARN] ConditionMgr:1039 - genDependencies : Invalid condition id : LAN8742 Phy interface Condition cause : null
2023-09-15 19:12:30,563 [WARN] ConditionMgr:1039 - genDependencies : Invalid condition id : LAN8742 Phy interface Condition cause : null
2023-09-15 19:12:30,620 [WARN] PackLoader:240 - Cannot read IP mode file for STMicroelectronics.X-CUBE-AZRTOS-L5.2.0.0
2023-09-15 19:12:30,675 [WARN] PackLoader:240 - Cannot read IP mode file for STMicroelectronics.X-CUBE-AZRTOS-G0.1.1.0
2023-09-15 19:12:30,709 [WARN] PackLoader:240 - Cannot read IP mode file for STMicroelectronics.X-CUBE-AZRTOS-G4.2.0.0
2023-09-15 19:12:30,771 [WARN] ConditionMgr:438 - getConditionDescription Invalid condition id : UX DEVICE CLASS RTOS Condition cause : null
2023-09-15 19:12:30,771 [WARN] ConditionMgr:438 - getConditionDescription Invalid condition id : UX DEVICE CLASS RTOS Condition cause : null
2023-09-15 19:12:30,775 [WARN] PackLoader:240 - Cannot read IP mode file for STMicroelectronics.X-CUBE-AZRTOS-WB.2.0.0
2023-09-15 19:12:30,776 [WARN] ConditionMgr:1039 - genDependencies : Invalid condition id : UX DEVICE CLASS RTOS Condition cause : null
2023-09-15 19:12:30,776 [WARN] ConditionMgr:1039 - genDependencies : Invalid condition id : UX DEVICE CLASS RTOS Condition cause : null
2023-09-15 19:12:30,777 [WARN] ConditionMgr:1039 - genDependencies : Invalid condition id : UX DEVICE CLASS RTOS Condition cause : null
2023-09-15 19:12:30,777 [WARN] ConditionMgr:1039 - genDependencies : Invalid condition id : UX DEVICE CLASS RTOS Condition cause : null
2023-09-15 19:12:30,777 [WARN] ConditionMgr:1039 - genDependencies : Invalid condition id : UX DEVICE CLASS RTOS Condition cause : null
2023-09-15 19:12:30,808 [INFO] LogOutputStream:77 - [STDOUT_REDIRECT] 1 : Invalid condition id : UX_CORESTACK_Condition cause : null
2023-09-15 19:12:30,809 [INFO] LogOutputStream:77 - [STDOUT_REDIRECT] 1 : Invalid condition id : UX_CORESTACK_Condition cause : null
2023-09-15 19:12:30,812 [INFO] LogOutputStream:77 - [STDOUT_REDIRECT] 1 : Invalid condition id : UX_CORESTACK_Condition cause : null
2023-09-15 19:12:30,814 [INFO] LogOutputStream:77 - [STDOUT_REDIRECT] 1 : Invalid condition id : UX_CORESTACK_Condition cause : null
2023-09-15 19:12:30,817 [INFO] LogOutputStream:77 - [STDOUT_REDIRECT] 1 : Invalid condition id : UX_CORESTACK_Condition cause : null
2023-09-15 19:12:30,822 [WARN] PackLoader:240 - Cannot read IP mode file for STMicroelectronics.X-CUBE-AZRTOS-WL.2.0.0
2023-09-15 19:12:30,867 [WARN] PackLoader:240 - Cannot read IP mode file for wolfSSL.I-CUBE-wolfSSL.5.6.3
2023-09-15 19:12:30,906 [WARN] PackLoader:240 - Cannot read IP mode file for SEGGER.I-CUBE-embOS.1.3.1
2023-09-15 19:12:30,984 [WARN] PackLoader:240 - Cannot read IP mode file for portGmbH.I-Cube-SoM-uGOAL.1.1.0
2023-09-15 19:12:30,992 [WARN] PackLoader:240 - Cannot read IP mode file for emotas.I-CUBE-CANOPEN.1.3.0
2023-09-15 19:12:31,001 [WARN] PackLoader:240 - Cannot read IP mode file for WES.I-CUBE-Cesium.1.3.0
2023-09-15 19:12:31,001 [INFO] PopulateThirdPartyThread:66 - Ending populate Thread
2023-09-15 19:12:31,003 [INFO] ThirdParty:1030 - CMSIS Pack Vendor :STMicroelectronics X-CUBE-ISPU 1.1.0
2023-09-15 19:12:31,003 [INFO] ThirdParty:1030 - CMSIS Pack Vendor :STMicroelectronics X-CUBE-DISPLAY 3.0.0
2023-09-15 19:12:31,003 [INFO] ThirdParty:1030 - CMSIS Pack Vendor :STMicroelectronics X-CUBE-GNSS1 6.0.0
2023-09-15 19:12:31,003 [INFO] ThirdParty:1030 - CMSIS Pack Vendor :STMicroelectronics X-CUBE-AZRTOS-F4 1.1.0
2023-09-15 19:12:31,003 [INFO] ThirdParty:1030 - CMSIS Pack Vendor :STMicroelectronics FP-ATR-SIGFOX1 3.2.0
2023-09-15 19:12:31,003 [INFO] ThirdParty:1030 - CMSIS Pack Vendor :STMicroelectronics X-CUBE-BLE1 7.0.0
2023-09-15 19:12:31,003 [INFO] ThirdParty:1030 - CMSIS Pack Vendor :wolfSSL I-CUBE-wolfSSL 5.6.3
2023-09-15 19:12:31,003 [INFO] ThirdParty:1030 - CMSIS Pack Vendor :STMicroelectronics X-CUBE-SMBUS 2.1.0
2023-09-15 19:12:31,003 [INFO] ThirdParty:1030 - CMSIS Pack Vendor :STMicroelectronics X-CUBE-AZRTOS-WB 2.0.0
2023-09-15 19:12:31,003 [INFO] ThirdParty:1030 - CMSIS Pack Vendor :emotas I-CUBE-CANOPEN 1.3.0
2023-09-15 19:12:31,004 [INFO] ThirdParty:1030 - CMSIS Pack Vendor :STMicroelectronics X-CUBE-FREERTOS 1.1.0
2023-09-15 19:12:31,004 [INFO] ThirdParty:1030 - CMSIS Pack Vendor :STMicroelectronics X-CUBE-NFC7 1.0.1
2023-09-15 19:12:31,004 [INFO] ThirdParty:1030 - CMSIS Pack Vendor :STMicroelectronics X-CUBE-TOUCHGFX 4.22.0
2023-09-15 19:12:31,004 [INFO] ThirdParty:1030 - CMSIS Pack Vendor :STMicroelectronics X-CUBE-AZRTOS-F7 1.1.0
2023-09-15 19:12:31,004 [INFO] ThirdParty:1030 - CMSIS Pack Vendor :STMicroelectronics X-CUBE-AZRTOS-L5 2.0.0
2023-09-15 19:12:31,005 [INFO] ThirdParty:1030 - CMSIS Pack Vendor :STMicroelectronics X-CUBE-NFC6 3.0.0
2023-09-15 19:12:31,005 [INFO] ThirdParty:1030 - CMSIS Pack Vendor :STMicroelectronics X-CUBE-ALS 1.0.1
2023-09-15 19:12:31,006 [INFO] ThirdParty:1030 - CMSIS Pack Vendor :STMicroelectronics X-CUBE-EEPRMA1 4.1.0
2023-09-15 19:12:31,006 [INFO] ThirdParty:1030 - CMSIS Pack Vendor :portGmbH I-Cube-SoM-uGOAL 1.1.0
2023-09-15 19:12:31,006 [INFO] ThirdParty:1030 - CMSIS Pack Vendor :STMicroelectronics X-CUBE-MEMS1 9.6.0
2023-09-15 19:12:31,006 [INFO] ThirdParty:1030 - CMSIS Pack Vendor :STMicroelectronics FP-SNS-SMARTAG2 1.2.0
2023-09-15 19:12:31,006 [INFO] ThirdParty:1030 - CMSIS Pack Vendor :STMicroelectronics FP-SNS-MOTENV1 4.3.2
2023-09-15 19:12:31,006 [INFO] ThirdParty:1030 - CMSIS Pack Vendor :STMicroelectronics X-CUBE-ALGOBUILD 1.3.0
2023-09-15 19:12:31,006 [INFO] ThirdParty:1030 - CMSIS Pack Vendor :STMicroelectronics X-CUBE-AZRTOS-WL 2.0.0
2023-09-15 19:12:31,006 [INFO] ThirdParty:1030 - CMSIS Pack Vendor :SEGGER I-CUBE-embOS 1.3.1
2023-09-15 19:12:31,006 [INFO] ThirdParty:1030 - CMSIS Pack Vendor :STMicroelectronics X-CUBE-AZRTOS-G0 1.1.0
2023-09-15 19:12:31,006 [INFO] ThirdParty:1030 - CMSIS Pack Vendor :STMicroelectronics X-CUBE-AI 8.1.0
2023-09-15 19:12:31,006 [INFO] ThirdParty:1030 - CMSIS Pack Vendor :STMicroelectronics X-CUBE-BLEMGR 2.0.0
2023-09-15 19:12:31,006 [INFO] ThirdParty:1030 - CMSIS Pack Vendor :STMicroelectronics X-CUBE-NFC4 3.0.0
2023-09-15 19:12:31,006 [INFO] ThirdParty:1030 - CMSIS Pack Vendor :STMicroelectronics X-CUBE-SUBG2 5.0.0
2023-09-15 19:12:31,006 [INFO] ThirdParty:1030 - CMSIS Pack Vendor :STMicroelectronics X-CUBE-AZRTOS-L4 2.0.0
2023-09-15 19:12:31,006 [INFO] ThirdParty:1030 - CMSIS Pack Vendor :STMicroelectronics FP-ATR-ASTRA1 2.0.0
2023-09-15 19:12:31,006 [INFO] ThirdParty:1030 - CMSIS Pack Vendor :WES I-CUBE-Cesium 1.3.0
2023-09-15 19:12:31,007 [INFO] ThirdParty:1030 - CMSIS Pack Vendor :STMicroelectronics X-CUBE-SFXS2LP1 4.0.0
2023-09-15 19:12:31,007 [INFO] ThirdParty:1030 - CMSIS Pack Vendor :STMicroelectronics FP-SNS-FLIGHT1 5.0.2
2023-09-15 19:12:31,007 [INFO] ThirdParty:1030 - CMSIS Pack Vendor :STMicroelectronics X-CUBE-BLE2 3.3.0
2023-09-15 19:12:31,007 [INFO] ThirdParty:1030 - CMSIS Pack Vendor :STMicroelectronics X-CUBE-TOF1 3.3.1
2023-09-15 19:12:31,007 [INFO] ThirdParty:1030 - CMSIS Pack Vendor :STMicroelectronics X-CUBE-AZRTOS-G4 2.0.0
2023-09-15 19:12:31,007 [INFO] ThirdParty:1030 - CMSIS Pack Vendor :STMicroelectronics X-CUBE-AZRTOS-H7 3.1.0
2023-09-15 19:12:31,007 [INFO] LoadServerUpdatesThread:373 - End of LoadServerUpdate Thread
2023-09-15 19:12:55,658 [INFO] WebApp:753 - Register for checkConnection events
2023-09-15 19:12:55,658 [INFO] WebApp:390 - Apply proxy settings
2023-09-15 19:12:55,658 [INFO] WebApp:475 - Chromium requires no authentication
2023-09-15 19:12:55,829 [INFO] WebApp:418 - Direct internet connection detected
2023-09-15 19:12:58,368 [INFO] WebApp:188 - Starting web application
2023-09-15 19:12:58,369 [INFO] WebApp:520 - Web application path used C:\ST\STM32CubeIDE_1.13.1\STM32CubeIDE\plugins\com.st.stm32cube.common.mx_6.9.1.202307191849\db\plugins\mcufinder\reactClient1\index.html
2023-09-15 19:13:27,475 [ERROR] LogOutputStream:75 - [STDERR_REDIRECT] SLF4J: Failed to load class "org.slf4j.impl.StaticLoggerBinder".
2023-09-15 19:13:27,477 [ERROR] LogOutputStream:75 - [STDERR_REDIRECT] SLF4J: Defaulting to no-operation (NOP) logger implementation
2023-09-15 19:13:27,481 [ERROR] LogOutputStream:75 - [STDERR_REDIRECT] SLF4J: See http://www.slf4j.org/codes.html#StaticLoggerBinder for further details.
